<?xml version="1.0" encoding="UTF-8"?>
<!-- Generated by org.testng.reporters.JUnitReportReporter -->
<testsuite hostname="Kasu" failures="0" tests="1" name="testngMaven.LandingPage" time="2.409" errors="0" timestamp="2021-11-07T17:08:25 CST" skipped="0">
  <testcase classname="testngMaven.LandingPage" name="navigationPage" time="2.409"/>
  <system-out/>
</testsuite> <!-- testngMaven.LandingPage -->
