<?xml version="1.0" encoding="UTF-8"?>
<!-- Generated by org.testng.reporters.JUnitReportReporter -->
<testsuite hostname="Kasu" failures="0" tests="1" name="testngMaven.ValidateNavigationBar" time="0.044" errors="0" timestamp="2021-11-10T12:56:42 CST" skipped="0">
  <testcase classname="testngMaven.ValidateNavigationBar" name="validations" time="0.044"/>
  <system-out/>
</testsuite> <!-- testngMaven.ValidateNavigationBar -->
