<?xml version="1.0" encoding="UTF-8"?>
<!-- Generated by org.testng.reporters.JUnitReportReporter -->
<testsuite hostname="Kasu" failures="0" tests="2" name="testngMaven.Navigations" time="15.216" errors="0" timestamp="2021-11-10T12:56:42 CST" skipped="0">
  <testcase classname="testngMaven.Navigations" name="navigationPage" time="7.324"/>
  <system-out/>
  <testcase classname="testngMaven.Navigations" name="navigationPage" time="7.892"/>
  <system-out/>
</testsuite> <!-- testngMaven.Navigations -->
