<?xml version="1.0" encoding="UTF-8"?>
<!-- Generated by org.testng.reporters.JUnitReportReporter -->
<testsuite hostname="Kasu" failures="0" tests="2" name="testngMaven.Navigations" time="15.441" errors="0" timestamp="2021-11-10T21:31:26 CST" skipped="0">
  <testcase classname="testngMaven.Navigations" name="navigationPage" time="7.630"/>
  <system-out/>
  <testcase classname="testngMaven.Navigations" name="navigationPage" time="7.811"/>
  <system-out/>
</testsuite> <!-- testngMaven.Navigations -->
